{"C:\\Users\\User\\Documents\\proyectos\\prueba-LinkTIC-inventario\\StoreFlow\\client\\storeflow-ui\\src\\api\\inventoryClient.js": {"path":"C:\\Users\\User\\Documents\\proyectos\\prueba-LinkTIC-inventario\\StoreFlow\\client\\storeflow-ui\\src\\api\\inventoryClient.js","statementMap":{"0":{"start":{"line":1,"column":55},"end":{"line":1,"column":null}},"1":{"start":{"line":2,"column":15},"end":{"line":2,"column":43}},"2":{"start":{"line":5,"column":15},"end":{"line":5,"column":36}},"3":{"start":{"line":6,"column":2},"end":{"line":8,"column":3}},"4":{"start":{"line":7,"column":4},"end":{"line":7,"column":16}},"5":{"start":{"line":9,"column":2},"end":{"line":9,"column":26}},"6":{"start":{"line":13,"column":14},"end":{"line":15,"column":5}},"7":{"start":{"line":17,"column":19},"end":{"line":22,"column":4}},"8":{"start":{"line":24,"column":2},"end":{"line":26,"column":3}},"9":{"start":{"line":25,"column":4},"end":{"line":25,"column":13}},"10":{"start":{"line":28,"column":2},"end":{"line":33,"column":3}},"11":{"start":{"line":29,"column":17},"end":{"line":29,"column":38}},"12":{"start":{"line":30,"column":4},"end":{"line":32,"column":6}},"13":{"start":{"line":35,"column":15},"end":{"line":35,"column":40}},"14":{"start":{"line":36,"column":2},"end":{"line":38,"column":3}},"15":{"start":{"line":37,"column":4},"end":{"line":37,"column":71}},"16":{"start":{"line":40,"column":2},"end":{"line":40,"column":39}},"17":{"start":{"line":44,"column":14},"end":{"line":44,"column":38}},"18":{"start":{"line":46,"column":19},"end":{"line":56,"column":4}},"19":{"start":{"line":58,"column":2},"end":{"line":63,"column":3}},"20":{"start":{"line":59,"column":17},"end":{"line":59,"column":38}},"21":{"start":{"line":60,"column":4},"end":{"line":62,"column":6}},"22":{"start":{"line":65,"column":15},"end":{"line":65,"column":40}},"23":{"start":{"line":66,"column":2},"end":{"line":68,"column":3}},"24":{"start":{"line":67,"column":4},"end":{"line":67,"column":71}},"25":{"start":{"line":70,"column":2},"end":{"line":70,"column":30}}},"fnMap":{"0":{"name":"parseJson","decl":{"start":{"line":4,"column":15},"end":{"line":4,"column":24}},"loc":{"start":{"line":4,"column":35},"end":{"line":10,"column":1}},"line":4},"1":{"name":"getInventoryQuantity","decl":{"start":{"line":12,"column":22},"end":{"line":12,"column":42}},"loc":{"start":{"line":12,"column":54},"end":{"line":41,"column":1}},"line":12},"2":{"name":"createOrUpdateInventory","decl":{"start":{"line":43,"column":22},"end":{"line":43,"column":45}},"loc":{"start":{"line":43,"column":67},"end":{"line":71,"column":1}},"line":43}},"branchMap":{"0":{"loc":{"start":{"line":6,"column":2},"end":{"line":8,"column":3}},"type":"if","locations":[{"start":{"line":6,"column":2},"end":{"line":8,"column":3}},{"start":{},"end":{}}],"line":6},"1":{"loc":{"start":{"line":24,"column":2},"end":{"line":26,"column":3}},"type":"if","locations":[{"start":{"line":24,"column":2},"end":{"line":26,"column":3}},{"start":{},"end":{}}],"line":24},"2":{"loc":{"start":{"line":28,"column":2},"end":{"line":33,"column":3}},"type":"if","locations":[{"start":{"line":28,"column":2},"end":{"line":33,"column":3}},{"start":{},"end":{}}],"line":28},"3":{"loc":{"start":{"line":31,"column":57},"end":{"line":31,"column":67}},"type":"binary-expr","locations":[{"start":{"line":31,"column":57},"end":{"line":31,"column":61}},{"start":{"line":31,"column":65},"end":{"line":31,"column":67}}],"line":31},"4":{"loc":{"start":{"line":36,"column":2},"end":{"line":38,"column":3}},"type":"if","locations":[{"start":{"line":36,"column":2},"end":{"line":38,"column":3}},{"start":{},"end":{}}],"line":36},"5":{"loc":{"start":{"line":36,"column":6},"end":{"line":36,"column":50}},"type":"binary-expr","locations":[{"start":{"line":36,"column":6},"end":{"line":36,"column":11}},{"start":{"line":36,"column":15},"end":{"line":36,"column":25}},{"start":{"line":36,"column":29},"end":{"line":36,"column":50}}],"line":36},"6":{"loc":{"start":{"line":58,"column":2},"end":{"line":63,"column":3}},"type":"if","locations":[{"start":{"line":58,"column":2},"end":{"line":63,"column":3}},{"start":{},"end":{}}],"line":58},"7":{"loc":{"start":{"line":61,"column":56},"end":{"line":61,"column":66}},"type":"binary-expr","locations":[{"start":{"line":61,"column":56},"end":{"line":61,"column":60}},{"start":{"line":61,"column":64},"end":{"line":61,"column":66}}],"line":61},"8":{"loc":{"start":{"line":66,"column":2},"end":{"line":68,"column":3}},"type":"if","locations":[{"start":{"line":66,"column":2},"end":{"line":68,"column":3}},{"start":{},"end":{}}],"line":66},"9":{"loc":{"start":{"line":66,"column":6},"end":{"line":66,"column":50}},"type":"binary-expr","locations":[{"start":{"line":66,"column":6},"end":{"line":66,"column":11}},{"start":{"line":66,"column":15},"end":{"line":66,"column":25}},{"start":{"line":66,"column":29},"end":{"line":66,"column":50}}],"line":66}},"s":{"0":2,"1":2,"2":4,"3":4,"4":1,"5":3,"6":4,"7":4,"8":4,"9":1,"10":3,"11":1,"12":1,"13":2,"14":2,"15":1,"16":1,"17":3,"18":3,"19":3,"20":1,"21":1,"22":2,"23":2,"24":1,"25":1},"f":{"0":4,"1":4,"2":3},"b":{"0":[1,3],"1":[1,3],"2":[1,2],"3":[1,0],"4":[1,1],"5":[2,2,1],"6":[1,2],"7":[1,0],"8":[1,1],"9":[2,1,1]},"meta":{"lastBranch":10,"lastFunction":3,"lastStatement":26,"seen":{"s:1:55:1:Infinity":0,"s:2:15:2:43":1,"f:4:15:4:24":0,"s:5:15:5:36":2,"b:6:2:8:3:undefined:undefined:undefined:undefined":0,"s:6:2:8:3":3,"s:7:4:7:16":4,"s:9:2:9:26":5,"f:12:22:12:42":1,"s:13:14:15:5":6,"s:17:19:22:4":7,"b:24:2:26:3:undefined:undefined:undefined:undefined":1,"s:24:2:26:3":8,"s:25:4:25:13":9,"b:28:2:33:3:undefined:undefined:undefined:undefined":2,"s:28:2:33:3":10,"s:29:17:29:38":11,"s:30:4:32:6":12,"b:31:57:31:61:31:65:31:67":3,"s:35:15:35:40":13,"b:36:2:38:3:undefined:undefined:undefined:undefined":4,"s:36:2:38:3":14,"b:36:6:36:11:36:15:36:25:36:29:36:50":5,"s:37:4:37:71":15,"s:40:2:40:39":16,"f:43:22:43:45":2,"s:44:14:44:38":17,"s:46:19:56:4":18,"b:58:2:63:3:undefined:undefined:undefined:undefined":6,"s:58:2:63:3":19,"s:59:17:59:38":20,"s:60:4:62:6":21,"b:61:56:61:60:61:64:61:66":7,"s:65:15:65:40":22,"b:66:2:68:3:undefined:undefined:undefined:undefined":8,"s:66:2:68:3":23,"b:66:6:66:11:66:15:66:25:66:29:66:50":9,"s:67:4:67:71":24,"s:70:2:70:30":25}}}
,"C:\\Users\\User\\Documents\\proyectos\\prueba-LinkTIC-inventario\\StoreFlow\\client\\storeflow-ui\\src\\components\\ProductDetailModal.vue": {"path":"C:\\Users\\User\\Documents\\proyectos\\prueba-LinkTIC-inventario\\StoreFlow\\client\\storeflow-ui\\src\\components\\ProductDetailModal.vue","statementMap":{"0":{"start":{"line":93,"column":14},"end":{"line":93,"column":null}},"1":{"start":{"line":98,"column":13},"end":{"line":98,"column":35}},"2":{"start":{"line":100,"column":25},"end":{"line":100,"column":35}},"3":{"start":{"line":101,"column":24},"end":{"line":101,"column":35}},"4":{"start":{"line":102,"column":22},"end":{"line":102,"column":32}},"5":{"start":{"line":103,"column":29},"end":{"line":103,"column":37}},"6":{"start":{"line":104,"column":23},"end":{"line":104,"column":34}},"7":{"start":{"line":105,"column":24},"end":{"line":105,"column":34}},"8":{"start":{"line":107,"column":24},"end":{"line":107,"column":32}},"9":{"start":{"line":108,"column":21},"end":{"line":108,"column":31}},"10":{"start":{"line":110,"column":0},"end":{"line":118,"column":2}},"11":{"start":{"line":111,"column":9},"end":{"line":111,"column":58}},"12":{"start":{"line":113,"column":4},"end":{"line":116,"column":5}},"13":{"start":{"line":114,"column":6},"end":{"line":114,"column":19}},"14":{"start":{"line":115,"column":6},"end":{"line":115,"column":28}},"15":{"start":{"line":121,"column":2},"end":{"line":121,"column":33}},"16":{"start":{"line":122,"column":2},"end":{"line":122,"column":35}},"17":{"start":{"line":123,"column":2},"end":{"line":123,"column":30}},"18":{"start":{"line":124,"column":2},"end":{"line":124,"column":32}},"19":{"start":{"line":125,"column":2},"end":{"line":125,"column":30}},"20":{"start":{"line":126,"column":2},"end":{"line":126,"column":29}},"21":{"start":{"line":130,"column":2},"end":{"line":130,"column":32}},"22":{"start":{"line":131,"column":2},"end":{"line":131,"column":30}},"23":{"start":{"line":133,"column":2},"end":{"line":159,"column":3}},"24":{"start":{"line":134,"column":19},"end":{"line":134,"column":56}},"25":{"start":{"line":135,"column":19},"end":{"line":135,"column":23}},"26":{"start":{"line":137,"column":4},"end":{"line":150,"column":5}},"27":{"start":{"line":138,"column":6},"end":{"line":138,"column":24}},"28":{"start":{"line":139,"column":11},"end":{"line":150,"column":5}},"29":{"start":{"line":140,"column":6},"end":{"line":140,"column":33}},"30":{"start":{"line":141,"column":11},"end":{"line":150,"column":5}},"31":{"start":{"line":142,"column":6},"end":{"line":142,"column":49}},"32":{"start":{"line":143,"column":11},"end":{"line":150,"column":5}},"33":{"start":{"line":147,"column":6},"end":{"line":147,"column":52}},"34":{"start":{"line":148,"column":11},"end":{"line":150,"column":5}},"35":{"start":{"line":149,"column":6},"end":{"line":149,"column":54}},"36":{"start":{"line":152,"column":4},"end":{"line":152,"column":39}},"37":{"start":{"line":154,"column":4},"end":{"line":154,"column":21}},"38":{"start":{"line":155,"column":4},"end":{"line":155,"column":55}},"39":{"start":{"line":156,"column":4},"end":{"line":156,"column":35}},"40":{"start":{"line":158,"column":4},"end":{"line":158,"column":35}},"41":{"start":{"line":163,"column":2},"end":{"line":163,"column":29}},"42":{"start":{"line":163,"column":22},"end":{"line":163,"column":29}},"43":{"start":{"line":164,"column":2},"end":{"line":164,"column":49}},"44":{"start":{"line":164,"column":42},"end":{"line":164,"column":49}},"45":{"start":{"line":166,"column":22},"end":{"line":166,"column":57}},"46":{"start":{"line":167,"column":2},"end":{"line":170,"column":3}},"47":{"start":{"line":168,"column":4},"end":{"line":168,"column":78}},"48":{"start":{"line":169,"column":4},"end":{"line":169,"column":11}},"49":{"start":{"line":172,"column":2},"end":{"line":172,"column":31}},"50":{"start":{"line":173,"column":2},"end":{"line":173,"column":30}},"51":{"start":{"line":174,"column":2},"end":{"line":174,"column":32}},"52":{"start":{"line":176,"column":2},"end":{"line":186,"column":3}},"53":{"start":{"line":177,"column":4},"end":{"line":177,"column":65}},"54":{"start":{"line":178,"column":4},"end":{"line":178,"column":42}},"55":{"start":{"line":179,"column":4},"end":{"line":179,"column":68}},"56":{"start":{"line":180,"column":4},"end":{"line":180,"column":37}},"57":{"start":{"line":182,"column":4},"end":{"line":182,"column":21}},"58":{"start":{"line":183,"column":4},"end":{"line":183,"column":59}},"59":{"start":{"line":185,"column":4},"end":{"line":185,"column":34}},"60":{"start":{"line":190,"column":2},"end":{"line":190,"column":29}},"61":{"start":{"line":190,"column":22},"end":{"line":190,"column":29}},"62":{"start":{"line":192,"column":14},"end":{"line":192,"column":44}},"63":{"start":{"line":193,"column":2},"end":{"line":193,"column":29}},"64":{"start":{"line":194,"column":2},"end":{"line":194,"column":32}},"65":{"start":{"line":196,"column":2},"end":{"line":199,"column":3}},"66":{"start":{"line":197,"column":4},"end":{"line":197,"column":79}},"67":{"start":{"line":198,"column":4},"end":{"line":198,"column":11}},"68":{"start":{"line":201,"column":2},"end":{"line":204,"column":3}},"69":{"start":{"line":202,"column":4},"end":{"line":202,"column":76}},"70":{"start":{"line":203,"column":4},"end":{"line":203,"column":11}},"71":{"start":{"line":206,"column":2},"end":{"line":209,"column":3}},"72":{"start":{"line":207,"column":4},"end":{"line":207,"column":73}},"73":{"start":{"line":208,"column":4},"end":{"line":208,"column":11}},"74":{"start":{"line":211,"column":22},"end":{"line":211,"column":51}},"75":{"start":{"line":213,"column":2},"end":{"line":213,"column":31}},"76":{"start":{"line":214,"column":2},"end":{"line":224,"column":3}},"77":{"start":{"line":215,"column":4},"end":{"line":215,"column":65}},"78":{"start":{"line":216,"column":4},"end":{"line":216,"column":42}},"79":{"start":{"line":217,"column":4},"end":{"line":217,"column":32}},"80":{"start":{"line":218,"column":4},"end":{"line":218,"column":69}},"81":{"start":{"line":220,"column":4},"end":{"line":220,"column":21}},"82":{"start":{"line":221,"column":4},"end":{"line":221,"column":56}},"83":{"start":{"line":223,"column":4},"end":{"line":223,"column":34}},"84":{"start":{"line":3,"column":9},"end":{"line":3,"column":null}},"85":{"start":{"line":4,"column":14},"end":{"line":4,"column":null}},"86":{"start":{"line":10,"column":13},"end":{"line":10,"column":null}},"87":{"start":{"line":16,"column":13},"end":{"line":16,"column":null}},"88":{"start":{"line":33,"column":17},"end":{"line":33,"column":null}},"89":{"start":{"line":34,"column":19},"end":{"line":34,"column":null}},"90":{"start":{"line":51,"column":19},"end":{"line":51,"column":null}},"91":{"start":{"line":77,"column":14},"end":{"line":77,"column":null}},"92":{"start":{"line":6,"column":42},"end":{"line":6,"column":57}},"93":{"start":{"line":38,"column":34},"end":{"line":38,"column":56}},"94":{"start":{"line":55,"column":34},"end":{"line":55,"column":51}},"95":{"start":{"line":78,"column":24},"end":{"line":78,"column":40}}},"fnMap":{"0":{"name":"(anonymous_0)","decl":{"start":{"line":111,"column":2},"end":{"line":111,"column":3}},"loc":{"start":{"line":111,"column":9},"end":{"line":111,"column":58}},"line":111},"1":{"name":"(anonymous_1)","decl":{"start":{"line":112,"column":2},"end":{"line":112,"column":3}},"loc":{"start":{"line":112,"column":11},"end":{"line":117,"column":3}},"line":112},"2":{"name":"resetState","decl":{"start":{"line":120,"column":9},"end":{"line":120,"column":19}},"loc":{"start":{"line":120,"column":22},"end":{"line":127,"column":1}},"line":120},"3":{"name":"loadInventory","decl":{"start":{"line":129,"column":15},"end":{"line":129,"column":28}},"loc":{"start":{"line":129,"column":40},"end":{"line":160,"column":1}},"line":129},"4":{"name":"saveInventory","decl":{"start":{"line":162,"column":15},"end":{"line":162,"column":28}},"loc":{"start":{"line":162,"column":31},"end":{"line":187,"column":1}},"line":162},"5":{"name":"handlePurchase","decl":{"start":{"line":189,"column":15},"end":{"line":189,"column":29}},"loc":{"start":{"line":189,"column":32},"end":{"line":225,"column":1}},"line":189},"6":{"name":"(anonymous_6)","decl":{"start":{"line":6,"column":40},"end":{"line":6,"column":42}},"loc":{"start":{"line":6,"column":42},"end":{"line":6,"column":57}},"line":6},"7":{"name":"(anonymous_7)","decl":{"start":{"line":38,"column":34},"end":{"line":38,"column":55}},"loc":{"start":{"line":38,"column":34},"end":{"line":38,"column":56}},"line":38},"8":{"name":"(anonymous_8)","decl":{"start":{"line":55,"column":34},"end":{"line":55,"column":50}},"loc":{"start":{"line":55,"column":34},"end":{"line":55,"column":51}},"line":55},"9":{"name":"(anonymous_9)","decl":{"start":{"line":78,"column":22},"end":{"line":78,"column":24}},"loc":{"start":{"line":78,"column":24},"end":{"line":78,"column":40}},"line":78}},"branchMap":{"0":{"loc":{"start":{"line":113,"column":4},"end":{"line":116,"column":5}},"type":"if","locations":[{"start":{"line":113,"column":4},"end":{"line":116,"column":5}},{"start":{},"end":{}}],"line":113},"1":{"loc":{"start":{"line":113,"column":8},"end":{"line":113,"column":37}},"type":"binary-expr","locations":[{"start":{"line":113,"column":8},"end":{"line":113,"column":19}},{"start":{"line":113,"column":23},"end":{"line":113,"column":37}}],"line":113},"2":{"loc":{"start":{"line":137,"column":4},"end":{"line":150,"column":5}},"type":"if","locations":[{"start":{"line":137,"column":4},"end":{"line":150,"column":5}},{"start":{"line":139,"column":11},"end":{"line":150,"column":5}}],"line":137},"3":{"loc":{"start":{"line":139,"column":11},"end":{"line":150,"column":5}},"type":"if","locations":[{"start":{"line":139,"column":11},"end":{"line":150,"column":5}},{"start":{"line":141,"column":11},"end":{"line":150,"column":5}}],"line":139},"4":{"loc":{"start":{"line":139,"column":15},"end":{"line":139,"column":60}},"type":"binary-expr","locations":[{"start":{"line":139,"column":15},"end":{"line":139,"column":21}},{"start":{"line":139,"column":25},"end":{"line":139,"column":60}}],"line":139},"5":{"loc":{"start":{"line":141,"column":11},"end":{"line":150,"column":5}},"type":"if","locations":[{"start":{"line":141,"column":11},"end":{"line":150,"column":5}},{"start":{"line":143,"column":11},"end":{"line":150,"column":5}}],"line":141},"6":{"loc":{"start":{"line":143,"column":11},"end":{"line":150,"column":5}},"type":"if","locations":[{"start":{"line":143,"column":11},"end":{"line":150,"column":5}},{"start":{"line":148,"column":11},"end":{"line":150,"column":5}}],"line":143},"7":{"loc":{"start":{"line":144,"column":6},"end":{"line":145,"column":50}},"type":"binary-expr","locations":[{"start":{"line":144,"column":6},"end":{"line":144,"column":33}},{"start":{"line":145,"column":6},"end":{"line":145,"column":50}}],"line":144},"8":{"loc":{"start":{"line":148,"column":11},"end":{"line":150,"column":5}},"type":"if","locations":[{"start":{"line":148,"column":11},"end":{"line":150,"column":5}},{"start":{},"end":{}}],"line":148},"9":{"loc":{"start":{"line":163,"column":2},"end":{"line":163,"column":29}},"type":"if","locations":[{"start":{"line":163,"column":2},"end":{"line":163,"column":29}},{"start":{},"end":{}}],"line":163},"10":{"loc":{"start":{"line":164,"column":2},"end":{"line":164,"column":49}},"type":"if","locations":[{"start":{"line":164,"column":2},"end":{"line":164,"column":49}},{"start":{},"end":{}}],"line":164},"11":{"loc":{"start":{"line":167,"column":2},"end":{"line":170,"column":3}},"type":"if","locations":[{"start":{"line":167,"column":2},"end":{"line":170,"column":3}},{"start":{},"end":{}}],"line":167},"12":{"loc":{"start":{"line":167,"column":6},"end":{"line":167,"column":50}},"type":"binary-expr","locations":[{"start":{"line":167,"column":6},"end":{"line":167,"column":31}},{"start":{"line":167,"column":35},"end":{"line":167,"column":50}}],"line":167},"13":{"loc":{"start":{"line":190,"column":2},"end":{"line":190,"column":29}},"type":"if","locations":[{"start":{"line":190,"column":2},"end":{"line":190,"column":29}},{"start":{},"end":{}}],"line":190},"14":{"loc":{"start":{"line":196,"column":2},"end":{"line":199,"column":3}},"type":"if","locations":[{"start":{"line":196,"column":2},"end":{"line":199,"column":3}},{"start":{},"end":{}}],"line":196},"15":{"loc":{"start":{"line":196,"column":6},"end":{"line":196,"column":35}},"type":"binary-expr","locations":[{"start":{"line":196,"column":6},"end":{"line":196,"column":23}},{"start":{"line":196,"column":27},"end":{"line":196,"column":35}}],"line":196},"16":{"loc":{"start":{"line":201,"column":2},"end":{"line":204,"column":3}},"type":"if","locations":[{"start":{"line":201,"column":2},"end":{"line":204,"column":3}},{"start":{},"end":{}}],"line":201},"17":{"loc":{"start":{"line":206,"column":2},"end":{"line":209,"column":3}},"type":"if","locations":[{"start":{"line":206,"column":2},"end":{"line":209,"column":3}},{"start":{},"end":{}}],"line":206},"18":{"loc":{"start":{"line":5,"column":8},"end":{"line":5,"column":36}},"type":"binary-expr","locations":[{"start":{"line":5,"column":8},"end":{"line":5,"column":12}},{"start":{"line":5,"column":8},"end":{"line":5,"column":36}}],"line":5},"19":{"loc":{"start":{"line":6,"column":40},"end":{"line":6,"column":57}},"type":"binary-expr","locations":[{"start":{"line":6,"column":40},"end":{"line":6,"column":42}},{"start":{"line":6,"column":40},"end":{"line":6,"column":57}}],"line":6},"20":{"loc":{"start":{"line":11,"column":13},"end":{"line":11,"column":33}},"type":"binary-expr","locations":[{"start":{"line":11,"column":13},"end":{"line":11,"column":21}},{"start":{"line":11,"column":13},"end":{"line":11,"column":33}}],"line":11},"21":{"loc":{"start":{"line":12,"column":13},"end":{"line":12,"column":37}},"type":"binary-expr","locations":[{"start":{"line":12,"column":13},"end":{"line":12,"column":21}},{"start":{"line":12,"column":13},"end":{"line":12,"column":37}}],"line":12},"22":{"loc":{"start":{"line":13,"column":13},"end":{"line":13,"column":37}},"type":"binary-expr","locations":[{"start":{"line":13,"column":13},"end":{"line":13,"column":21}},{"start":{"line":13,"column":13},"end":{"line":13,"column":37}}],"line":13},"23":{"loc":{"start":{"line":17,"column":10},"end":{"line":17,"column":29}},"type":"binary-expr","locations":[{"start":{"line":17,"column":10},"end":{"line":17,"column":14}},{"start":{"line":17,"column":10},"end":{"line":17,"column":29}}],"line":17},"24":{"loc":{"start":{"line":22,"column":22},"end":{"line":24,"column":null}},"type":"binary-expr","locations":[{"start":{"line":22,"column":22},"end":{"line":22,"column":null}},{"start":{"line":22,"column":22},"end":{"line":24,"column":null}}],"line":22},"25":{"loc":{"start":{"line":26,"column":18},"end":{"line":26,"column":123}},"type":"cond-expr","locations":[{"start":{"line":26,"column":106},"end":{"line":26,"column":123}}],"line":26},"26":{"loc":{"start":{"line":35,"column":16},"end":{"line":35,"column":46}},"type":"binary-expr","locations":[{"start":{"line":35,"column":16},"end":{"line":35,"column":20}},{"start":{"line":35,"column":16},"end":{"line":35,"column":46}}],"line":35},"27":{"loc":{"start":{"line":36,"column":16},"end":{"line":36,"column":45}},"type":"binary-expr","locations":[{"start":{"line":36,"column":16},"end":{"line":36,"column":23}},{"start":{"line":36,"column":16},"end":{"line":36,"column":45}}],"line":36},"28":{"loc":{"start":{"line":38,"column":34},"end":{"line":38,"column":56}},"type":"binary-expr","locations":[{"start":{"line":38,"column":34},"end":{"line":38,"column":55}},{"start":{"line":38,"column":34},"end":{"line":38,"column":56}}],"line":38},"29":{"loc":{"start":{"line":45,"column":29},"end":{"line":45,"column":null}},"type":"binary-expr","locations":[{"start":{"line":45,"column":29},"end":{"line":45,"column":44}},{"start":{"line":45,"column":48},"end":{"line":45,"column":null}}],"line":45},"30":{"loc":{"start":{"line":52,"column":16},"end":{"line":52,"column":32}},"type":"binary-expr","locations":[{"start":{"line":52,"column":16},"end":{"line":52,"column":20}},{"start":{"line":52,"column":16},"end":{"line":52,"column":32}}],"line":52},"31":{"loc":{"start":{"line":53,"column":16},"end":{"line":53,"column":49}},"type":"binary-expr","locations":[{"start":{"line":53,"column":16},"end":{"line":53,"column":23}},{"start":{"line":53,"column":16},"end":{"line":53,"column":49}}],"line":53},"32":{"loc":{"start":{"line":55,"column":34},"end":{"line":55,"column":51}},"type":"binary-expr","locations":[{"start":{"line":55,"column":34},"end":{"line":55,"column":50}},{"start":{"line":55,"column":34},"end":{"line":55,"column":51}}],"line":55},"33":{"loc":{"start":{"line":63,"column":29},"end":{"line":63,"column":null}},"type":"binary-expr","locations":[{"start":{"line":63,"column":29},"end":{"line":63,"column":44}},{"start":{"line":63,"column":44},"end":{"line":63,"column":null}}],"line":63},"34":{"loc":{"start":{"line":78,"column":22},"end":{"line":78,"column":40}},"type":"binary-expr","locations":[{"start":{"line":78,"column":22},"end":{"line":78,"column":24}},{"start":{"line":78,"column":22},"end":{"line":78,"column":40}}],"line":78}},"s":{"0":7,"1":7,"2":7,"3":7,"4":7,"5":7,"6":7,"7":7,"8":7,"9":7,"10":7,"11":10,"12":3,"13":3,"14":3,"15":3,"16":3,"17":3,"18":3,"19":3,"20":3,"21":3,"22":3,"23":3,"24":3,"25":2,"26":2,"27":0,"28":2,"29":0,"30":2,"31":2,"32":0,"33":0,"34":0,"35":0,"36":2,"37":1,"38":1,"39":1,"40":3,"41":2,"42":0,"43":2,"44":0,"45":2,"46":2,"47":1,"48":1,"49":1,"50":1,"51":1,"52":1,"53":1,"54":1,"55":1,"56":1,"57":0,"58":0,"59":1,"60":3,"61":0,"62":3,"63":3,"64":3,"65":3,"66":1,"67":1,"68":2,"69":0,"70":0,"71":2,"72":1,"73":1,"74":1,"75":1,"76":1,"77":1,"78":1,"79":1,"80":1,"81":0,"82":0,"83":1,"84":1,"85":1,"86":1,"87":1,"88":1,"89":1,"90":1,"91":1,"92":0,"93":1,"94":0,"95":0},"f":{"0":10,"1":3,"2":3,"3":3,"4":2,"5":3,"6":0,"7":1,"8":0,"9":0},"b":{"0":[3,0],"1":[3,3],"2":[0,2],"3":[0,2],"4":[2,2],"5":[2,0],"6":[0,0],"7":[0,0],"8":[0,0],"9":[0,2],"10":[0,2],"11":[1,1],"12":[2,2],"13":[0,3],"14":[1,2],"15":[3,3],"16":[0,2],"17":[1,1],"18":[18,7],"19":[18,7],"20":[18,7],"21":[18,7],"22":[18,7],"23":[18,7],"24":[13,6],"25":[6,null],"26":[15,7],"27":[15,7],"28":[15,7],"29":[15,13],"30":[15,7],"31":[15,7],"32":[15,7],"33":[15,13],"34":[18,7]},"meta":{"lastBranch":0,"lastFunction":0,"lastStatement":0,"seen":{}}}
,"C:\\Users\\User\\Documents\\proyectos\\prueba-LinkTIC-inventario\\StoreFlow\\client\\storeflow-ui\\src\\components\\ProductForm.vue": {"path":"C:\\Users\\User\\Documents\\proyectos\\prueba-LinkTIC-inventario\\StoreFlow\\client\\storeflow-ui\\src\\components\\ProductForm.vue","statementMap":{"0":{"start":{"line":36,"column":14},"end":{"line":36,"column":null}},"1":{"start":{"line":45,"column":13},"end":{"line":45,"column":45}},"2":{"start":{"line":47,"column":12},"end":{"line":47,"column":35}},"3":{"start":{"line":48,"column":13},"end":{"line":48,"column":37}},"4":{"start":{"line":50,"column":0},"end":{"line":55,"column":2}},"5":{"start":{"line":51,"column":8},"end":{"line":51,"column":25}},"6":{"start":{"line":53,"column":4},"end":{"line":53,"column":21}},"7":{"start":{"line":57,"column":0},"end":{"line":62,"column":2}},"8":{"start":{"line":58,"column":8},"end":{"line":58,"column":26}},"9":{"start":{"line":60,"column":4},"end":{"line":60,"column":22}},"10":{"start":{"line":65,"column":2},"end":{"line":65,"column":59}},"11":{"start":{"line":69,"column":2},"end":{"line":69,"column":18}},"12":{"start":{"line":70,"column":2},"end":{"line":70,"column":19}},"13":{"start":{"line":71,"column":2},"end":{"line":71,"column":16}},"14":{"start":{"line":2,"column":11},"end":{"line":2,"column":null}},"15":{"start":{"line":5,"column":11},"end":{"line":5,"column":null}},"16":{"start":{"line":9,"column":11},"end":{"line":9,"column":null}},"17":{"start":{"line":19,"column":11},"end":{"line":19,"column":null}},"18":{"start":{"line":7,"column":24},"end":{"line":7,"column":30}},"19":{"start":{"line":12,"column":26},"end":{"line":12,"column":32}}},"fnMap":{"0":{"name":"(anonymous_0)","decl":{"start":{"line":51,"column":2},"end":{"line":51,"column":3}},"loc":{"start":{"line":51,"column":8},"end":{"line":51,"column":25}},"line":51},"1":{"name":"(anonymous_1)","decl":{"start":{"line":52,"column":2},"end":{"line":52,"column":3}},"loc":{"start":{"line":52,"column":11},"end":{"line":54,"column":3}},"line":52},"2":{"name":"(anonymous_2)","decl":{"start":{"line":58,"column":2},"end":{"line":58,"column":3}},"loc":{"start":{"line":58,"column":8},"end":{"line":58,"column":26}},"line":58},"3":{"name":"(anonymous_3)","decl":{"start":{"line":59,"column":2},"end":{"line":59,"column":3}},"loc":{"start":{"line":59,"column":11},"end":{"line":61,"column":3}},"line":59},"4":{"name":"onSubmit","decl":{"start":{"line":64,"column":9},"end":{"line":64,"column":17}},"loc":{"start":{"line":64,"column":20},"end":{"line":66,"column":1}},"line":64},"5":{"name":"onReset","decl":{"start":{"line":68,"column":9},"end":{"line":68,"column":16}},"loc":{"start":{"line":68,"column":19},"end":{"line":72,"column":1}},"line":68},"6":{"name":"(anonymous_6)","decl":{"start":{"line":7,"column":24},"end":{"line":7,"column":28}},"loc":{"start":{"line":7,"column":24},"end":{"line":7,"column":30}},"line":7},"7":{"name":"(anonymous_7)","decl":{"start":{"line":12,"column":26},"end":{"line":12,"column":31}},"loc":{"start":{"line":12,"column":26},"end":{"line":12,"column":32}},"line":12}},"branchMap":{"0":{"loc":{"start":{"line":3,"column":4},"end":{"line":3,"column":36}},"type":"binary-expr","locations":[{"start":{"line":3,"column":4},"end":{"line":3,"column":8}},{"start":{"line":3,"column":4},"end":{"line":3,"column":36}}],"line":3},"1":{"loc":{"start":{"line":6,"column":8},"end":{"line":6,"column":29}},"type":"binary-expr","locations":[{"start":{"line":6,"column":8},"end":{"line":6,"column":15}},{"start":{"line":6,"column":8},"end":{"line":6,"column":29}}],"line":6},"2":{"loc":{"start":{"line":7,"column":24},"end":{"line":7,"column":30}},"type":"binary-expr","locations":[{"start":{"line":7,"column":24},"end":{"line":7,"column":28}},{"start":{"line":7,"column":24},"end":{"line":7,"column":30}}],"line":7},"3":{"loc":{"start":{"line":10,"column":8},"end":{"line":10,"column":29}},"type":"binary-expr","locations":[{"start":{"line":10,"column":8},"end":{"line":10,"column":15}},{"start":{"line":10,"column":8},"end":{"line":10,"column":29}}],"line":10},"4":{"loc":{"start":{"line":12,"column":26},"end":{"line":12,"column":32}},"type":"binary-expr","locations":[{"start":{"line":12,"column":26},"end":{"line":12,"column":31}},{"start":{"line":12,"column":26},"end":{"line":12,"column":32}}],"line":12},"5":{"loc":{"start":{"line":21,"column":13},"end":{"line":21,"column":null}},"type":"cond-expr","locations":[{"start":{"line":21,"column":29},"end":{"line":21,"column":null}},{"start":{"line":21,"column":29},"end":{"line":21,"column":null}}],"line":21}},"s":{"0":2,"1":2,"2":2,"3":2,"4":2,"5":2,"6":0,"7":2,"8":2,"9":0,"10":1,"11":1,"12":1,"13":1,"14":1,"15":1,"16":1,"17":1,"18":1,"19":1},"f":{"0":2,"1":0,"2":2,"3":0,"4":1,"5":1,"6":1,"7":1},"b":{"0":[5,2],"1":[5,2],"2":[5,2],"3":[5,2],"4":[5,2],"5":[2,3]},"meta":{"lastBranch":6,"lastFunction":8,"lastStatement":20,"seen":{"s:36:14:36:Infinity":0,"s:45:13:45:45":1,"s:47:12:47:35":2,"s:48:13:48:37":3,"s:50:0:55:2":4,"f:51:2:51:3":0,"s:51:8:51:25":5,"f:52:2:52:3":1,"s:53:4:53:21":6,"s:57:0:62:2":7,"f:58:2:58:3":2,"s:58:8:58:26":8,"f:59:2:59:3":3,"s:60:4:60:22":9,"f:64:9:64:17":4,"s:65:2:65:59":10,"f:68:9:68:16":5,"s:69:2:69:18":11,"s:70:2:70:19":12,"s:71:2:71:16":13,"s:2:11:2:Infinity":14,"s:5:11:5:Infinity":15,"s:9:11:9:Infinity":16,"s:19:11:19:Infinity":17,"b:3:4:3:8:3:4:3:36":0,"b:6:8:6:15:6:8:6:29":1,"b:7:24:7:28:7:24:7:30":2,"f:7:24:7:28":6,"s:7:24:7:30":18,"b:10:8:10:15:10:8:10:29":3,"b:12:26:12:31:12:26:12:32":4,"f:12:26:12:31":7,"s:12:26:12:32":19,"b:21:29:21:Infinity:21:29:21:Infinity":5}}}
,"C:\\Users\\User\\Documents\\proyectos\\prueba-LinkTIC-inventario\\StoreFlow\\client\\storeflow-ui\\src\\components\\ProductList.vue": {"path":"C:\\Users\\User\\Documents\\proyectos\\prueba-LinkTIC-inventario\\StoreFlow\\client\\storeflow-ui\\src\\components\\ProductList.vue","statementMap":{"0":{"start":{"line":52,"column":14},"end":{"line":52,"column":null}},"1":{"start":{"line":62,"column":13},"end":{"line":62,"column":null}},"2":{"start":{"line":72,"column":16},"end":{"line":72,"column":42}},"3":{"start":{"line":73,"column":2},"end":{"line":73,"column":34}},"4":{"start":{"line":77,"column":2},"end":{"line":77,"column":20}},"5":{"start":{"line":81,"column":2},"end":{"line":81,"column":20}},"6":{"start":{"line":2,"column":11},"end":{"line":2,"column":null}},"7":{"start":{"line":5,"column":9},"end":{"line":5,"column":null}},"8":{"start":{"line":14,"column":11},"end":{"line":14,"column":null}},"9":{"start":{"line":39,"column":14},"end":{"line":39,"column":null}},"10":{"start":{"line":47,"column":7},"end":{"line":47,"column":30}},"11":{"start":{"line":9,"column":10},"end":{"line":10,"column":null}},"12":{"start":{"line":40,"column":28},"end":{"line":40,"column":46}},"13":{"start":{"line":41,"column":28},"end":{"line":41,"column":48}},"14":{"start":{"line":42,"column":28},"end":{"line":42,"column":51}}},"fnMap":{"0":{"name":"onChangePageSize","decl":{"start":{"line":71,"column":9},"end":{"line":71,"column":25}},"loc":{"start":{"line":71,"column":33},"end":{"line":74,"column":1}},"line":71},"1":{"name":"onPrevPage","decl":{"start":{"line":76,"column":9},"end":{"line":76,"column":19}},"loc":{"start":{"line":76,"column":22},"end":{"line":78,"column":1}},"line":76},"2":{"name":"onNextPage","decl":{"start":{"line":80,"column":9},"end":{"line":80,"column":19}},"loc":{"start":{"line":80,"column":22},"end":{"line":82,"column":1}},"line":80},"3":{"name":"(anonymous_3)","decl":{"start":{"line":40,"column":26},"end":{"line":40,"column":28}},"loc":{"start":{"line":40,"column":28},"end":{"line":40,"column":46}},"line":40},"4":{"name":"(anonymous_4)","decl":{"start":{"line":41,"column":26},"end":{"line":41,"column":28}},"loc":{"start":{"line":41,"column":28},"end":{"line":41,"column":48}},"line":41},"5":{"name":"(anonymous_5)","decl":{"start":{"line":42,"column":26},"end":{"line":42,"column":28}},"loc":{"start":{"line":42,"column":28},"end":{"line":42,"column":51}},"line":42}},"branchMap":{"0":{"loc":{"start":{"line":3,"column":4},"end":{"line":3,"column":33}},"type":"binary-expr","locations":[{"start":{"line":3,"column":4},"end":{"line":3,"column":8}},{"start":{"line":3,"column":4},"end":{"line":3,"column":33}}],"line":3},"1":{"loc":{"start":{"line":7,"column":8},"end":{"line":7,"column":39}},"type":"binary-expr","locations":[{"start":{"line":7,"column":8},"end":{"line":7,"column":15}},{"start":{"line":7,"column":8},"end":{"line":7,"column":39}}],"line":7},"2":{"loc":{"start":{"line":15,"column":47},"end":{"line":15,"column":76}},"type":"binary-expr","locations":[{"start":{"line":15,"column":47},"end":{"line":15,"column":67}},{"start":{"line":15,"column":67},"end":{"line":15,"column":76}}],"line":15},"3":{"loc":{"start":{"line":18,"column":48},"end":{"line":18,"column":73}},"type":"binary-expr","locations":[{"start":{"line":18,"column":48},"end":{"line":18,"column":58}},{"start":{"line":18,"column":58},"end":{"line":18,"column":73}}],"line":18},"4":{"loc":{"start":{"line":24,"column":21},"end":{"line":24,"column":56}},"type":"binary-expr","locations":[{"start":{"line":24,"column":21},"end":{"line":24,"column":29}},{"start":{"line":24,"column":33},"end":{"line":24,"column":56}}],"line":24}},"s":{"0":3,"1":3,"2":0,"3":0,"4":0,"5":1,"6":1,"7":1,"8":1,"9":1,"10":1,"11":6,"12":1,"13":1,"14":1},"f":{"0":0,"1":0,"2":1,"3":1,"4":1,"5":1},"b":{"0":[3,3],"1":[3,3],"2":[3,1],"3":[3,0],"4":[3,3]},"meta":{"lastBranch":0,"lastFunction":0,"lastStatement":0,"seen":{}}}
}
